{
  "RSpec": {
    "coverage": {
      "/Users/ashokkumar/Desktop/user_story/spec/controllers/invoice_files_controller_spec.rb": [
        1,
        null,
        1,
        1,
        1,
        1,
        null,
        null,
        1,
        1,
        1,
        1,
        1,
        null,
        null,
        null,
        1,
        1,
        1,
        1,
        1,
        null,
        null,
        null,
        1,
        1,
        1,
        1,
        1,
        null,
        null,
        null,
        1,
        1,
        1,
        1,
        1,
        1,
        null,
        null,
        null
      ],
      "/Users/ashokkumar/Desktop/user_story/spec/rails_helper.rb": [
        null,
        1,
        1,
        1,
        null,
        1,
        1,
        null,
        null,
        null,
        null,
        null,
        null,
        null,
        null,
        null,
        null,
        null,
        null,
        null,
        null,
        null,
        null,
        null,
        null,
        null,
        1,
        1,
        null,
        0,
        0,
        null,
        1,
        null,
        1,
        null,
        1,
        null,
        null,
        null,
        1,
        null,
        null,
        null,
        null,
        null,
        null,
        null,
        null,
        null,
        null,
        null,
        null,
        null,
        null,
        1,
        null,
        null,
        1,
        null,
        null,
        null
      ],
      "/Users/ashokkumar/Desktop/user_story/config/environment.rb": [
        null,
        1,
        null,
        null,
        1
      ],
      "/Users/ashokkumar/Desktop/user_story/config/application.rb": [
        1,
        null,
        1,
        null,
        1,
        1,
        1,
        1,
        1,
        1,
        1,
        1,
        null,
        null,
        null,
        null,
        1,
        null,
        1,
        1,
        null,
        1,
        null,
        null,
        null,
        null,
        null,
        null,
        1,
        null,
        null
      ],
      "/Users/ashokkumar/Desktop/user_story/config/boot.rb": [
        1,
        null,
        1
      ],
      "/Users/ashokkumar/Desktop/user_story/config/environments/test.rb": [
        1,
        null,
        null,
        null,
        null,
        null,
        null,
        1,
        null,
        null,
        null,
        null,
        1,
        null,
        null,
        1,
        1,
        null,
        null,
        null,
        null,
        1,
        1,
        null,
        null,
        1,
        null,
        null,
        1,
        1,
        null,
        null,
        null,
        null,
        1,
        null,
        null,
        1,
        null,
        null,
        null,
        null
      ],
      "/Users/ashokkumar/Desktop/user_story/config/initializers/application_controller_renderer.rb": [
        null,
        null,
        null,
        null,
        null,
        null,
        null,
        null
      ],
      "/Users/ashokkumar/Desktop/user_story/config/initializers/assets.rb": [
        null,
        null,
        null,
        1,
        null,
        null,
        null,
        null,
        1,
        null,
        null,
        null,
        null,
        null
      ],
      "/Users/ashokkumar/Desktop/user_story/config/initializers/backtrace_silencers.rb": [
        null,
        null,
        null,
        null,
        null,
        null,
        null
      ],
      "/Users/ashokkumar/Desktop/user_story/config/initializers/cookies_serializer.rb": [
        null,
        null,
        null,
        null,
        1
      ],
      "/Users/ashokkumar/Desktop/user_story/config/initializers/filter_parameter_logging.rb": [
        null,
        null,
        null,
        1
      ],
      "/Users/ashokkumar/Desktop/user_story/config/initializers/inflections.rb": [
        null,
        null,
        null,
        null,
        null,
        null,
        null,
        null,
        null,
        null,
        null,
        null,
        null,
        null,
        null,
        null
      ],
      "/Users/ashokkumar/Desktop/user_story/config/initializers/kaminari_config.rb": [
        null,
        1,
        1,
        null,
        null,
        null,
        null,
        null,
        null,
        null,
        null,
        null
      ],
      "/Users/ashokkumar/Desktop/user_story/config/initializers/mime_types.rb": [
        null,
        null,
        null,
        null
      ],
      "/Users/ashokkumar/Desktop/user_story/config/initializers/wrap_parameters.rb": [
        null,
        null,
        null,
        null,
        null,
        null,
        1,
        2,
        null,
        null,
        null,
        null,
        null,
        null
      ],
      "/Users/ashokkumar/Desktop/user_story/spec/factories/invoice_files.rb": [
        1,
        1,
        1,
        null,
        null
      ],
      "/Users/ashokkumar/Desktop/user_story/spec/factories/invoice_numbers.rb": [
        1,
        1,
        1,
        1,
        1,
        null,
        null
      ],
      "/Users/ashokkumar/Desktop/user_story/config/routes.rb": [
        1,
        1,
        null,
        1,
        null
      ],
      "/Users/ashokkumar/Desktop/user_story/app/helpers/application_helper.rb": [
        1,
        null
      ],
      "/Users/ashokkumar/Desktop/user_story/app/helpers/invoice_files_helper.rb": [
        1,
        null
      ],
      "/Users/ashokkumar/Desktop/user_story/app/controllers/invoice_files_controller.rb": [
        1,
        1,
        1,
        null,
        null,
        1,
        1,
        null,
        null,
        1,
        1,
        1,
        null,
        null,
        1,
        1,
        1,
        null,
        1,
        null,
        null
      ],
      "/Users/ashokkumar/Desktop/user_story/app/controllers/application_controller.rb": [
        1,
        1,
        null
      ],
      "/Users/ashokkumar/Desktop/user_story/spec/models/invoice_file_spec.rb": [
        1,
        null,
        1,
        2,
        null,
        1,
        1,
        null,
        null,
        1,
        1,
        1,
        1,
        1,
        1,
        1,
        null,
        null,
        null
      ],
      "/Users/ashokkumar/Desktop/user_story/app/models/invoice_file.rb": [
        1,
        1,
        null,
        null,
        1,
        null,
        null,
        null,
        null,
        null,
        null,
        null,
        null,
        null,
        null,
        null,
        null,
        1,
        2,
        2,
        null,
        2,
        200,
        200,
        200,
        200,
        200,
        null,
        1800,
        1800,
        1800,
        null,
        200,
        200,
        null,
        null,
        null,
        1,
        1800,
        null,
        1800,
        9802,
        1800,
        1800,
        1800,
        null,
        null,
        1800,
        1800,
        null,
        null
      ],
      "/Users/ashokkumar/Desktop/user_story/app/models/application_record.rb": [
        1,
        1,
        null
      ],
      "/Users/ashokkumar/Desktop/user_story/spec/models/invoice_number_spec.rb": [
        1,
        null,
        1,
        2,
        null
      ],
      "/Users/ashokkumar/Desktop/user_story/app/models/invoice_number.rb": [
        1,
        1,
        null
      ]
    },
    "timestamp": 1548926230
  }
}
